<?xml version="1.0" encoding="UTF-8" ?>
<testsuite tests="1" failures="0" name="org.test.AppTest" time="0.005" errors="0" skipped="0">
  <properties>
    <property name="PROCESSOR_ARCHITECTURE" value="AMD64"/>
    <property name="file.encoding.pkg" value="sun.io"/>
    <property name="LOGONSERVER" value="\\ZHIVKO-PC"/>
    <property name="ProgramData" value="C:\ProgramData"/>
    <property name="java.home" value="C:\Program Files\Java\jdk1.8\jre"/>
    <property name="TITLE" value="Tomcat"/>
    <property name="NODE_NAME" value="master"/>
    <property name="TVT" value="C:\Program Files (x86)\Lenovo"/>
    <property name="JENKINS_URL" value="http://localhost:9999/jenkins/"/>
    <property name="sqlite" value="C:\sqlite"/>
    <property name="VS110COMNTOOLS" value="C:\Program Files (x86)\Microsoft Visual Studio 11.0\Common7\Tools\"/>
    <property name="CATALINA_HOME" value="C:\data\tomCat\apache-tomcat-8.5.16"/>
    <property name="ALLUSERSPROFILE" value="C:\ProgramData"/>
    <property name="java.endorsed.dirs" value="C:\Program Files\Java\jdk1.8\jre\lib\endorsed"/>
    <property name="PSModulePath" value="C:\WINDOWS\system32\WindowsPowerShell\v1.0\Modules\"/>
    <property name="=::" value="::\"/>
    <property name="USERDOMAIN" value="zhivko-PC"/>
    <property name="sun.os.patch.level" value=""/>
    <property name="java.vendor.url" value="http://java.oracle.com/"/>
    <property name="JAVA_OPTS" value=" &quot;-Djdk.tls.ephemeralDHKeySize=2048&quot; -Djava.protocol.handler.pkgs=org.apache.catalina.webresources"/>
    <property name="CommonProgramFiles(x86)" value="C:\Program Files (x86)\Common Files"/>
    <property name="java.version" value="1.8.0_131"/>
    <property name="JOB_NAME" value="selenium maven"/>
    <property name="COMPUTERNAME" value="ZHIVKO-PC"/>
    <property name="windows_tracing_logfile" value="C:\BVTBin\Tests\installpackage\csilogfile.log"/>
    <property name="READYAPPS" value="C:\SWTOOLS\ReadyApps"/>
    <property name="EXECUTABLE" value="C:\data\tomCat\apache-tomcat-8.5.16\bin\catalina.bat"/>
    <property name="java.vendor.url.bug" value="http://bugreport.sun.com/bugreport/"/>
    <property name="PUBLIC" value="C:\Users\Public"/>
    <property name="VS120COMNTOOLS" value="C:\Program Files (x86)\Microsoft Visual Studio 12.0\Common7\Tools\"/>
    <property name="user.name" value="zhivkokasabov"/>
    <property name="sun.io.unicode.encoding" value="UnicodeLittle"/>
    <property name="sun.jnu.encoding" value="Cp1252"/>
    <property name="java.runtime.name" value="Java(TM) SE Runtime Environment"/>
    <property name="windir" value="C:\WINDOWS"/>
    <property name="PROCESSOR_IDENTIFIER" value="Intel64 Family 6 Model 60 Stepping 3, GenuineIntel"/>
    <property name="GIT_COMMITTER_EMAIL" value="vera.tsvetkova@itsoft.bg"/>
    <property name="java.specification.name" value="Java Platform API Specification"/>
    <property name="C:\bin" value="C:\bin"/>
    <property name="LOCALAPPDATA" value="C:\Users\zhivkokasabov\AppData\Local"/>
    <property name="RUN_CHANGES_DISPLAY_URL" value="http://localhost:9999/jenkins/job/selenium%20maven/6/display/redirect?page=changes"/>
    <property name="user.timezone" value="Europe/Helsinki"/>
    <property name="user.script" value=""/>
    <property name="path.separator" value=";"/>
    <property name="NUMBER_OF_PROCESSORS" value="4"/>
    <property name="BUILD_TAG" value="jenkins-selenium maven-6"/>
    <property name="windows_tracing_flags" value="3"/>
    <property name="file.encoding" value="Cp1252"/>
    <property name="TVTCOMMON" value="C:\Program Files (x86)\Common Files\Lenovo"/>
    <property name="sun.java.command" value="jenkins.maven3.agent.Maven35Main C:\data\Maven\apache_maven_350 C:\data\tomCat\apache-tomcat-8.5.16\webapps\jenkins\WEB-INF\lib\remoting-3.7.jar C:\Users\zhivkokasabov\.jenkins\plugins\maven-plugin\WEB-INF\lib\maven35-interceptor-1.11.jar C:\Users\zhivkokasabov\.jenkins\plugins\maven-plugin\WEB-INF\lib\maven3-interceptor-commons-1.11.jar 50476"/>
    <property name="HUDSON_URL" value="http://localhost:9999/jenkins/"/>
    <property name="JENKINS_SERVER_COOKIE" value="d066102e8728f48e"/>
    <property name="EXECUTOR_NUMBER" value="1"/>
    <property name="Path" value="C:\Program Files\Java\jdk1.8/bin;C:\ProgramData\Oracle\Java\javapath;C:\Windows\System32;C:\WINDOWS\System32\WindowsPowerShell\v1.0\;C:\Program Files (x86)\Skype\Phone\;C:\WINDOWS\system32;C:\WINDOWS;C:\WINDOWS\System32\Wbem;C:\WINDOWS\System32\WindowsPowerShell\v1.0\;C:\Program Files (x86)\Windows Live\Shared;C:\data\Maven\apache_maven_350\bin;C:\Program Files\Java\jdk1.8;C:\Program Files\Git\cmd;C:\Program Files\nodejs\;C:\bin;C:\MinGW\bin;c:\Program Files (x86)\Git\cmd;c:\Program Files (x86)\Git\bin;c:\ffmpeg\bin;C:\Users\zhivkokasabov\AppData\Local\.meteor\;C:\Ruby187\bin;C:\Program Files\MySQL\MySQL Server 5.7\bin;C:\Program Files (x86)\MySQL\MySQL Fabric 1.5 &amp; MySQL Utilities 1.5;C:\Users\zhivkokasabov\AppData\Local\Microsoft\WindowsApps;C:\Users\zhivkokasabov\AppData\Roaming\npm"/>
    <property name="GIT_COMMIT" value="7c0f2152cf7c32ddc173f279f0c5054502bf6ec5"/>
    <property name="GIT_COMMITTER_NAME" value="VeraTsvetkova"/>
    <property name="java.io.tmpdir" value="C:\Users\ZHIVKO~1\AppData\Local\Temp\"/>
    <property name="APPDATA" value="C:\Users\zhivkokasabov\AppData\Roaming"/>
    <property name="user.language" value="en"/>
    <property name="PowerMgrPath" value="C:\Program Files (x86)\Lenovo\PowerMgr"/>
    <property name="sqllite" value="C:\sqlite"/>
    <property name="CATALINA_TMPDIR" value="C:\data\tomCat\apache-tomcat-8.5.16\temp"/>
    <property name="line.separator" value="
"/>
    <property name="BUILD_URL" value="http://localhost:9999/jenkins/job/selenium%20maven/6/"/>
    <property name="ACTION" value="start"/>
    <property name="M2_HOME" value="C:\data\Maven\apache_maven_350"/>
    <property name="=C:" value="C:\data\tomCat\apache-tomcat-8.5.16\bin"/>
    <property name="java.vm.info" value="mixed mode"/>
    <property name="sun.desktop" value="windows"/>
    <property name="java.vm.specification.name" value="Java Virtual Machine Specification"/>
    <property name="BUILD_DISPLAY_NAME" value="#6"/>
    <property name="OS" value="Windows_NT"/>
    <property name="guice.disable.misplaced.annotation.check" value="true"/>
    <property name="C:\Python27\python" value="PATH"/>
    <property name="CATALINA_BASE" value="C:\data\tomCat\apache-tomcat-8.5.16"/>
    <property name="HUDSON_SERVER_COOKIE" value="d066102e8728f48e"/>
    <property name="JRE_HOME" value="C:\Program Files\Java\jdk1.8"/>
    <property name="_EXECJAVA" value="start &quot;Tomcat&quot; &quot;C:\Program Files\Java\jdk1.8\bin\java.exe&quot;"/>
    <property name="_RUNJAVA" value="&quot;C:\Program Files\Java\jdk1.8\bin\java.exe&quot;"/>
    <property name="MAVEN_HOME" value="C:\data\Maven\apache_maven_350"/>
    <property name="SESSIONNAME" value="Console"/>
    <property name="PATHEXT" value=".COM;.EXE;.BAT;.CMD;.VBS;.VBE;.JS;.JSE;.WSF;.WSH;.MSC"/>
    <property name="java.awt.printerjob" value="sun.awt.windows.WPrinterJob"/>
    <property name="maven3.interceptor.common" value="C:\Users\zhivkokasabov\.jenkins\plugins\maven-plugin\WEB-INF\lib\maven3-interceptor-commons-1.11.jar"/>
    <property name="CLASSPATH" value=""/>
    <property name="LOGGING_CONFIG" value="-Djava.util.logging.config.file=&quot;C:\data\tomCat\apache-tomcat-8.5.16\conf\logging.properties&quot;"/>
    <property name="HOMEPATH" value="\Users\zhivkokasabov"/>
    <property name="os.name" value="Windows 10"/>
    <property name="java.specification.vendor" value="Oracle Corporation"/>
    <property name="FP_NO_HOST_CHECK" value="NO"/>
    <property name="java.vm.name" value="Java HotSpot(TM) 64-Bit Server VM"/>
    <property name="BUILD_NUMBER" value="6"/>
    <property name="MYSQLCONNECTOR_ASSEMBLIESPATH" value="C:\Program Files (x86)\MySQL\Connector.NET 6.9\Assemblies\v4.5"/>
    <property name="maven3.interceptor" value="C:\Users\zhivkokasabov\.jenkins\plugins\maven-plugin\WEB-INF\lib\maven35-interceptor-1.11.jar"/>
    <property name="java.library.path" value="C:\Program Files\Java\jdk1.8\bin;C:\WINDOWS\Sun\Java\bin;C:\WINDOWS\system32;C:\WINDOWS;C:\data\Maven\apache_maven_350/bin;C:\Program Files\Java\jdk1.8/bin;C:\Program Files\Java\jdk1.8/bin;C:\ProgramData\Oracle\Java\javapath;C:\Windows\System32;C:\WINDOWS\System32\WindowsPowerShell\v1.0\;C:\Program Files (x86)\Skype\Phone\;C:\WINDOWS\system32;C:\WINDOWS;C:\WINDOWS\System32\Wbem;C:\WINDOWS\System32\WindowsPowerShell\v1.0\;C:\Program Files (x86)\Windows Live\Shared;C:\data\Maven\apache_maven_350\bin;C:\Program Files\Java\jdk1.8;C:\Program Files\Git\cmd;C:\Program Files\nodejs\;C:\bin;C:\MinGW\bin;c:\Program Files (x86)\Git\cmd;c:\Program Files (x86)\Git\bin;c:\ffmpeg\bin;C:\Users\zhivkokasabov\AppData\Local\.meteor\;C:\Ruby187\bin;C:\Program Files\MySQL\MySQL Server 5.7\bin;C:\Program Files (x86)\MySQL\MySQL Fabric 1.5 &amp; MySQL Utilities 1.5;C:\Users\zhivkokasabov\AppData\Local\Microsoft\WindowsApps;C:\Users\zhivkokasabov\AppData\Roaming\npm;."/>
    <property name="HOMEDRIVE" value="C:"/>
    <property name="GIT_AUTHOR_EMAIL" value="vera.tsvetkova@itsoft.bg"/>
    <property name="POM_GROUPID" value="org.test"/>
    <property name="POM_ARTIFACTID" value="selenium"/>
    <property name="java.class.version" value="52.0"/>
    <property name="JSSE_OPTS" value="&quot;-Djdk.tls.ephemeralDHKeySize=2048&quot;"/>
    <property name="LOGGING_MANAGER" value="-Djava.util.logging.manager=org.apache.juli.ClassLoaderLogManager"/>
    <property name="_RUNJDB" value="&quot;C:\Program Files\Java\jdk1.8\bin\jdb.exe&quot;"/>
    <property name="JOB_URL" value="http://localhost:9999/jenkins/job/selenium%20maven/"/>
    <property name="MYSQL_HOME" value="C:\Program Files\MySQL\MySQL Server 5.7\bin"/>
    <property name="OneDrive" value="C:\Users\zhivkokasabov\OneDrive"/>
    <property name="GIT_BRANCH" value="origin/master"/>
    <property name="C:\Python34" value="PATH"/>
    <property name="RUN_DISPLAY_URL" value="http://localhost:9999/jenkins/job/selenium%20maven/6/display/redirect"/>
    <property name="MAINCLASS" value="org.apache.catalina.startup.Bootstrap"/>
    <property name="JENKINS_HOME" value="C:\Users\zhivkokasabov\.jenkins"/>
    <property name="BUILD_ID" value="6"/>
    <property name="TEMP" value="C:\Users\ZHIVKO~1\AppData\Local\Temp"/>
    <property name="sun.boot.library.path" value="C:\Program Files\Java\jdk1.8\jre\bin"/>
    <property name="M2" value="C:\data\Maven\apache_maven_350\bin"/>
    <property name="easyplussdk" value="&quot;C:\Program Files (x86)\Common Files\lenovo\easyplussdk\bin&quot;"/>
    <property name="sun.management.compiler" value="HotSpot 64-Bit Tiered Compilers"/>
    <property name="java.awt.graphicsenv" value="sun.awt.Win32GraphicsEnvironment"/>
    <property name="user.variant" value=""/>
    <property name="PROCESSOR_REVISION" value="3c03"/>
    <property name="POM_VERSION" value="1.0-SNAPSHOT"/>
    <property name="configsetroot" value="C:\WINDOWS\ConfigSetRoot"/>
    <property name="HUDSON_HOME" value="C:\Users\zhivkokasabov\.jenkins"/>
    <property name="ProgramFiles(x86)" value="C:\Program Files (x86)"/>
    <property name="PATH+MAVEN" value="C:\data\Maven\apache_maven_350/bin"/>
    <property name="USERDOMAIN_ROAMINGPROFILE" value="zhivko-PC"/>
    <property name="PROMPT" value="$P$G"/>
    <property name="CURRENT_DIR" value="C:\data\tomCat\apache-tomcat-8.5.16\bin"/>
    <property name="java.vm.specification.version" value="1.8"/>
    <property name="JAVA_HOME" value="C:\Program Files\Java\jdk1.8"/>
    <property name="awt.toolkit" value="sun.awt.windows.WToolkit"/>
    <property name="NODE_LABELS" value="master"/>
    <property name="sun.cpu.isalist" value="amd64"/>
    <property name="USERPROFILE" value="C:\Users\zhivkokasabov"/>
    <property name="JOB_DISPLAY_URL" value="http://localhost:9999/jenkins/job/selenium%20maven/display/redirect"/>
    <property name="java.ext.dirs" value="C:\Program Files\Java\jdk1.8\jre\lib\ext;C:\WINDOWS\Sun\Java\lib\ext"/>
    <property name="os.version" value="10.0"/>
    <property name="user.home" value="C:\Users\zhivkokasabov"/>
    <property name="USERNAME" value="zhivkokasabov"/>
    <property name="java.vm.vendor" value="Oracle Corporation"/>
    <property name="PROCESSOR_LEVEL" value="6"/>
    <property name="CommonProgramW6432" value="C:\Program Files\Common Files"/>
    <property name="COMMPath" value="C:\Program Files\Lenovo\Communications Utility"/>
    <property name="user.dir" value="C:\data\selenium"/>
    <property name="maven.conf" value="C:\data\Maven\apache_maven_350\conf"/>
    <property name="ProgramW6432" value="C:\Program Files"/>
    <property name="TMP" value="C:\Users\ZHIVKO~1\AppData\Local\Temp"/>
    <property name="sun.cpu.endian" value="little"/>
    <property name="SystemDrive" value="C:"/>
    <property name="java.vm.version" value="25.131-b11"/>
    <property name="java.class.path" value="C:\Users\zhivkokasabov\.jenkins\plugins\maven-plugin\WEB-INF\lib\maven35-agent-1.11.jar;C:\data\Maven\apache_maven_350\boot\plexus-classworlds-2.5.2.jar;C:\data\Maven\apache_maven_350/conf/logging"/>
    <property name="org.slf4j.simpleLogger.defaultLogLevel" value="info"/>
    <property name="MAVEN_OPTS" value="-Xms256m -Xmx512m"/>
    <property name="SWSHARE" value="C:\SWSHARE"/>
    <property name="os.arch" value="amd64"/>
    <property name="ComSpec" value="C:\WINDOWS\system32\cmd.exe"/>
    <property name="WORKSPACE" value="C:\data\selenium"/>
    <property name="sun.java.launcher" value="SUN_STANDARD"/>
    <property name="SystemRoot" value="C:\WINDOWS"/>
    <property name="CommonProgramFiles" value="C:\Program Files\Common Files"/>
    <property name="java.vm.specification.vendor" value="Oracle Corporation"/>
    <property name="file.separator" value="\"/>
    <property name="java.runtime.version" value="1.8.0_131-b11"/>
    <property name="sun.boot.class.path" value="C:\Program Files\Java\jdk1.8\jre\lib\resources.jar;C:\Program Files\Java\jdk1.8\jre\lib\rt.jar;C:\Program Files\Java\jdk1.8\jre\lib\sunrsasign.jar;C:\Program Files\Java\jdk1.8\jre\lib\jsse.jar;C:\Program Files\Java\jdk1.8\jre\lib\jce.jar;C:\Program Files\Java\jdk1.8\jre\lib\charsets.jar;C:\Program Files\Java\jdk1.8\jre\lib\jfr.jar;C:\Program Files\Java\jdk1.8\jre\classes"/>
    <property name="ProgramFiles" value="C:\Program Files"/>
    <property name="PATH+JDK" value="C:\Program Files\Java\jdk1.8/bin"/>
    <property name="user.country" value="US"/>
    <property name="POM_PACKAGING" value="jar"/>
    <property name="maven.home" value="C:\data\Maven\apache_maven_350"/>
    <property name="JOB_BASE_NAME" value="selenium maven"/>
    <property name="java.vendor" value="Oracle Corporation"/>
    <property name="GIT_AUTHOR_NAME" value="VeraTsvetkova"/>
    <property name="POM_DISPLAYNAME" value="selenium"/>
    <property name="java.specification.version" value="1.8"/>
    <property name="sun.arch.data.model" value="64"/>
    <property name="GIT_URL" value="https://github.com/VeraTsvetkova/selenium.git"/>
  </properties>
  <testcase classname="org.test.AppTest" name="main" time="0.005"/>
</testsuite>